<?xml version="1.0" encoding="UTF-8"?>
<!-- Generated by org.testng.reporters.JUnitXMLReporter -->
<testsuite hostname="DESKTOP-9FQ5FG2" ignored="0" name="Default test" tests="5" failures="0" timestamp="27 Jun 2020 15:41:21 GMT" time="68.947" errors="0">
  <testcase name="validateLoginPageTitleTest" time="0.063" classname="com.qa.SalesForce.Test.LoginPageTest"/>
  <testcase name="validateLogoTest" time="0.168" classname="com.qa.SalesForce.Test.LoginPageTest"/>
  <testcase name="loginTest" time="1.607" classname="com.qa.SalesForce.Test.LoginPageTest"/>
  <testcase name="DataDrivenTest" time="10.784" classname="com.qa.SalesForce.Test.LoginPageTest"/>
  <testcase name="DataDrivenTest" time="10.362" classname="com.qa.SalesForce.Test.LoginPageTest"/>
</testsuite> <!-- Default test -->
