<?xml version="1.0" encoding="UTF-8"?>
<!-- Generated by org.testng.reporters.JUnitXMLReporter -->
<testsuite hostname="DESKTOP-9FQ5FG2" ignored="0" name="Default test" tests="5" failures="0" timestamp="28 Jun 2020 13:04:43 GMT" time="172.119" errors="0">
  <testcase name="validateLoginPageTitleTest" time="7.29" classname="com.qa.SalesForce.Test.LoginPageTest"/>
  <testcase name="validateLogoTest" time="6.286" classname="com.qa.SalesForce.Test.LoginPageTest"/>
  <testcase name="loginTest" time="21.173" classname="com.qa.SalesForce.Test.LoginPageTest"/>
  <testcase name="DataDrivenTest" time="10.873" classname="com.qa.SalesForce.Test.LoginPageTest"/>
  <testcase name="DataDrivenTest" time="11.288" classname="com.qa.SalesForce.Test.LoginPageTest"/>
</testsuite> <!-- Default test -->
