<?xml version="1.0" encoding="UTF-8"?>
<!-- Generated by org.testng.reporters.JUnitXMLReporter -->
<testsuite hostname="DESKTOP-9FQ5FG2" ignored="0" name="LinkedinTest" tests="16" failures="0" timestamp="27 Jun 2020 17:58:30 GMT" time="333.013" errors="0">
  <testcase name="varifyHomePageTitleTest" time="3.206" classname="com.qa.SalesForce.Test.HomePageTest"/>
  <testcase name="validateLoginPageTitleTest" time="0.025" classname="com.qa.SalesForce.Test.LoginPageTest"/>
  <testcase name="ClickOnMyNetworkPageTest" time="5.472" classname="com.qa.SalesForce.Test.MessagingPageTest"/>
  <testcase name="validateMyNetworkPageTitleTest" time="1.442" classname="com.qa.SalesForce.Test.MyNetWorkPageTest"/>
  <testcase name="ClickMyNetworkPageTest" time="8.351" classname="com.qa.SalesForce.Test.HomePageTest"/>
  <testcase name="validateLogoTest" time="0.284" classname="com.qa.SalesForce.Test.LoginPageTest"/>
  <testcase name="ValidateTitleTest" time="0.719" classname="com.qa.SalesForce.Test.MessagingPageTest"/>
  <testcase name="clickOnHomePageTest" time="2.352" classname="com.qa.SalesForce.Test.MyNetWorkPageTest"/>
  <testcase name="ClickOnJobPageTest" time="6.06" classname="com.qa.SalesForce.Test.HomePageTest"/>
  <testcase name="loginTest" time="1.772" classname="com.qa.SalesForce.Test.LoginPageTest"/>
  <testcase name="ClickOnNotificationPage" time="1.656" classname="com.qa.SalesForce.Test.MessagingPageTest"/>
  <testcase name="clickOnMessgingPageTest" time="3.108" classname="com.qa.SalesForce.Test.MyNetWorkPageTest"/>
  <testcase name="ClickOnMessgaingPageTest" time="5.598" classname="com.qa.SalesForce.Test.HomePageTest"/>
  <testcase name="DataDrivenTest" time="11.726" classname="com.qa.SalesForce.Test.LoginPageTest"/>
  <testcase name="DataDrivenTest" time="10.515" classname="com.qa.SalesForce.Test.LoginPageTest"/>
  <testcase name="ClickOnNotificationPageTest" time="8.534" classname="com.qa.SalesForce.Test.HomePageTest"/>
</testsuite> <!-- LinkedinTest -->
